<?xml version="1.0" encoding="UTF-8"?>
<coverage generated="1695666027810" clover="3.2.0">
  <project timestamp="1695666027810" name="All files">
    <metrics statements="12" coveredstatements="3" conditionals="6" coveredconditionals="0" methods="2" coveredmethods="1" elements="20" coveredelements="4" complexity="0" loc="12" ncloc="12" packages="1" files="1" classes="1"/>
    <file name="Background.js" path="C:\Users\Nastya\WebstormProjects\RS-Tasks\Momentum\js\classes\Background.js">
      <metrics statements="12" coveredstatements="3" conditionals="6" coveredconditionals="0" methods="2" coveredmethods="1"/>
      <line num="1" count="1" type="stmt"/>
      <line num="25" count="4" type="stmt"/>
      <line num="29" count="0" type="stmt"/>
      <line num="31" count="0" type="cond" truecount="0" falsecount="2"/>
      <line num="32" count="0" type="stmt"/>
      <line num="34" count="0" type="stmt"/>
      <line num="37" count="0" type="cond" truecount="0" falsecount="2"/>
      <line num="38" count="0" type="stmt"/>
      <line num="39" count="0" type="cond" truecount="0" falsecount="2"/>
      <line num="40" count="0" type="stmt"/>
      <line num="42" count="0" type="stmt"/>
      <line num="48" count="1" type="stmt"/>
    </file>
  </project>
</coverage>
