{"C:\\Users\\Nastya\\WebstormProjects\\RS-Tasks\\Momentum\\js\\classes\\Background.js": {"path":"C:\\Users\\Nastya\\WebstormProjects\\RS-Tasks\\Momentum\\js\\classes\\Background.js","statementMap":{"0":{"start":{"line":1,"column":19},"end":{"line":46,"column":1}},"1":{"start":{"line":25,"column":4},"end":{"line":25,"column":114}},"2":{"start":{"line":29,"column":24},"end":{"line":29,"column":26}},"3":{"start":{"line":31,"column":4},"end":{"line":35,"column":5}},"4":{"start":{"line":32,"column":6},"end":{"line":32,"column":39}},"5":{"start":{"line":34,"column":6},"end":{"line":34,"column":39}},"6":{"start":{"line":37,"column":4},"end":{"line":43,"column":5}},"7":{"start":{"line":38,"column":6},"end":{"line":38,"column":18}},"8":{"start":{"line":39,"column":11},"end":{"line":43,"column":5}},"9":{"start":{"line":40,"column":6},"end":{"line":40,"column":17}},"10":{"start":{"line":42,"column":6},"end":{"line":42,"column":29}},"11":{"start":{"line":48,"column":0},"end":{"line":48,"column":28}}},"fnMap":{"0":{"name":"(anonymous_0)","decl":{"start":{"line":24,"column":2},"end":{"line":24,"column":3}},"loc":{"start":{"line":24,"column":47},"end":{"line":26,"column":3}},"line":24},"1":{"name":"(anonymous_1)","decl":{"start":{"line":27,"column":2},"end":{"line":27,"column":3}},"loc":{"start":{"line":27,"column":55},"end":{"line":44,"column":3}},"line":27}},"branchMap":{"0":{"loc":{"start":{"line":31,"column":4},"end":{"line":35,"column":5}},"type":"if","locations":[{"start":{"line":31,"column":4},"end":{"line":35,"column":5}},{"start":{"line":33,"column":11},"end":{"line":35,"column":5}}],"line":31},"1":{"loc":{"start":{"line":37,"column":4},"end":{"line":43,"column":5}},"type":"if","locations":[{"start":{"line":37,"column":4},"end":{"line":43,"column":5}},{"start":{"line":39,"column":11},"end":{"line":43,"column":5}}],"line":37},"2":{"loc":{"start":{"line":39,"column":11},"end":{"line":43,"column":5}},"type":"if","locations":[{"start":{"line":39,"column":11},"end":{"line":43,"column":5}},{"start":{"line":41,"column":11},"end":{"line":43,"column":5}}],"line":39}},"s":{"0":1,"1":4,"2":0,"3":0,"4":0,"5":0,"6":0,"7":0,"8":0,"9":0,"10":0,"11":1},"f":{"0":4,"1":0},"b":{"0":[0,0],"1":[0,0],"2":[0,0]},"_coverageSchema":"1a1c01bbd47fc00a2c39e90264f33305004495a9","hash":"97cc3b50cd9afce98a45e3494ec514ced0b225b0"}
}
